{"type":"server-started","port":56222,"host":"127.0.0.1","url_host":"localhost","url":"http://localhost:56222","screen_dir":"/Users/kev/Library/Mobile Documents/com~apple~CloudDocs/Finance/sanctum securities/.superpowers/brainstorm/56354-1775526380/content","state_dir":"/Users/kev/Library/Mobile Documents/com~apple~CloudDocs/Finance/sanctum securities/.superpowers/brainstorm/56354-1775526380/state"}
{"type":"screen-added","file":"/Users/kev/Library/Mobile Documents/com~apple~CloudDocs/Finance/sanctum securities/.superpowers/brainstorm/56354-1775526380/content/layout-options.html"}
{"type":"screen-updated","file":"/Users/kev/Library/Mobile Documents/com~apple~CloudDocs/Finance/sanctum securities/.superpowers/brainstorm/56354-1775526380/content/layout-options.html"}
{"type":"screen-updated","file":"/Users/kev/Library/Mobile Documents/com~apple~CloudDocs/Finance/sanctum securities/.superpowers/brainstorm/56354-1775526380/content/layout-options.html"}
{"type":"screen-updated","file":"/Users/kev/Library/Mobile Documents/com~apple~CloudDocs/Finance/sanctum securities/.superpowers/brainstorm/56354-1775526380/content/layout-options.html"}
{"type":"screen-updated","file":"/Users/kev/Library/Mobile Documents/com~apple~CloudDocs/Finance/sanctum securities/.superpowers/brainstorm/56354-1775526380/content/layout-options.html"}
{"type":"screen-added","file":"/Users/kev/Library/Mobile Documents/com~apple~CloudDocs/Finance/sanctum securities/.superpowers/brainstorm/56354-1775526380/content/heatmap-mockup.html"}
{"type":"screen-updated","file":"/Users/kev/Library/Mobile Documents/com~apple~CloudDocs/Finance/sanctum securities/.superpowers/brainstorm/56354-1775526380/content/heatmap-mockup.html"}
{"type":"screen-updated","file":"/Users/kev/Library/Mobile Documents/com~apple~CloudDocs/Finance/sanctum securities/.superpowers/brainstorm/56354-1775526380/content/heatmap-mockup.html"}
{"type":"screen-updated","file":"/Users/kev/Library/Mobile Documents/com~apple~CloudDocs/Finance/sanctum securities/.superpowers/brainstorm/56354-1775526380/content/heatmap-mockup.html"}
{"type":"screen-updated","file":"/Users/kev/Library/Mobile Documents/com~apple~CloudDocs/Finance/sanctum securities/.superpowers/brainstorm/56354-1775526380/content/heatmap-mockup.html"}
{"type":"screen-added","file":"/Users/kev/Library/Mobile Documents/com~apple~CloudDocs/Finance/sanctum securities/.superpowers/brainstorm/56354-1775526380/content/heatmap-mockup-v2.html"}
{"type":"screen-updated","file":"/Users/kev/Library/Mobile Documents/com~apple~CloudDocs/Finance/sanctum securities/.superpowers/brainstorm/56354-1775526380/content/heatmap-mockup-v2.html"}
{"type":"screen-updated","file":"/Users/kev/Library/Mobile Documents/com~apple~CloudDocs/Finance/sanctum securities/.superpowers/brainstorm/56354-1775526380/content/heatmap-mockup-v2.html"}
{"type":"screen-added","file":"/Users/kev/Library/Mobile Documents/com~apple~CloudDocs/Finance/sanctum securities/.superpowers/brainstorm/56354-1775526380/content/heatmap-mockup-v3.html"}
{"type":"screen-updated","file":"/Users/kev/Library/Mobile Documents/com~apple~CloudDocs/Finance/sanctum securities/.superpowers/brainstorm/56354-1775526380/content/heatmap-mockup-v3.html"}
{"type":"screen-updated","file":"/Users/kev/Library/Mobile Documents/com~apple~CloudDocs/Finance/sanctum securities/.superpowers/brainstorm/56354-1775526380/content/heatmap-mockup-v3.html"}
{"type":"screen-updated","file":"/Users/kev/Library/Mobile Documents/com~apple~CloudDocs/Finance/sanctum securities/.superpowers/brainstorm/56354-1775526380/content/heatmap-mockup-v3.html"}
{"type":"screen-updated","file":"/Users/kev/Library/Mobile Documents/com~apple~CloudDocs/Finance/sanctum securities/.superpowers/brainstorm/56354-1775526380/content/heatmap-mockup-v3.html"}
{"type":"screen-added","file":"/Users/kev/Library/Mobile Documents/com~apple~CloudDocs/Finance/sanctum securities/.superpowers/brainstorm/56354-1775526380/content/heatmap-mockup-v4.html"}
{"type":"screen-updated","file":"/Users/kev/Library/Mobile Documents/com~apple~CloudDocs/Finance/sanctum securities/.superpowers/brainstorm/56354-1775526380/content/heatmap-mockup-v4.html"}
{"type":"screen-updated","file":"/Users/kev/Library/Mobile Documents/com~apple~CloudDocs/Finance/sanctum securities/.superpowers/brainstorm/56354-1775526380/content/heatmap-mockup-v4.html"}
{"type":"screen-updated","file":"/Users/kev/Library/Mobile Documents/com~apple~CloudDocs/Finance/sanctum securities/.superpowers/brainstorm/56354-1775526380/content/heatmap-mockup-v4.html"}
{"type":"screen-updated","file":"/Users/kev/Library/Mobile Documents/com~apple~CloudDocs/Finance/sanctum securities/.superpowers/brainstorm/56354-1775526380/content/heatmap-mockup-v4.html"}
{"type":"screen-added","file":"/Users/kev/Library/Mobile Documents/com~apple~CloudDocs/Finance/sanctum securities/.superpowers/brainstorm/56354-1775526380/content/heatmap-mockup-v5.html"}
{"type":"screen-updated","file":"/Users/kev/Library/Mobile Documents/com~apple~CloudDocs/Finance/sanctum securities/.superpowers/brainstorm/56354-1775526380/content/heatmap-mockup-v5.html"}
{"type":"screen-updated","file":"/Users/kev/Library/Mobile Documents/com~apple~CloudDocs/Finance/sanctum securities/.superpowers/brainstorm/56354-1775526380/content/heatmap-mockup-v5.html"}
{"type":"screen-updated","file":"/Users/kev/Library/Mobile Documents/com~apple~CloudDocs/Finance/sanctum securities/.superpowers/brainstorm/56354-1775526380/content/heatmap-mockup-v5.html"}
{"type":"screen-updated","file":"/Users/kev/Library/Mobile Documents/com~apple~CloudDocs/Finance/sanctum securities/.superpowers/brainstorm/56354-1775526380/content/heatmap-mockup-v5.html"}
{"type":"screen-added","file":"/Users/kev/Library/Mobile Documents/com~apple~CloudDocs/Finance/sanctum securities/.superpowers/brainstorm/56354-1775526380/content/heatmap-mockup-v6.html"}
{"type":"screen-updated","file":"/Users/kev/Library/Mobile Documents/com~apple~CloudDocs/Finance/sanctum securities/.superpowers/brainstorm/56354-1775526380/content/heatmap-mockup-v6.html"}
{"type":"screen-updated","file":"/Users/kev/Library/Mobile Documents/com~apple~CloudDocs/Finance/sanctum securities/.superpowers/brainstorm/56354-1775526380/content/heatmap-mockup-v6.html"}
{"type":"screen-updated","file":"/Users/kev/Library/Mobile Documents/com~apple~CloudDocs/Finance/sanctum securities/.superpowers/brainstorm/56354-1775526380/content/heatmap-mockup-v6.html"}
{"type":"screen-added","file":"/Users/kev/Library/Mobile Documents/com~apple~CloudDocs/Finance/sanctum securities/.superpowers/brainstorm/56354-1775526380/content/heatmap-mockup-v7.html"}
{"type":"screen-updated","file":"/Users/kev/Library/Mobile Documents/com~apple~CloudDocs/Finance/sanctum securities/.superpowers/brainstorm/56354-1775526380/content/heatmap-mockup-v7.html"}
{"type":"screen-updated","file":"/Users/kev/Library/Mobile Documents/com~apple~CloudDocs/Finance/sanctum securities/.superpowers/brainstorm/56354-1775526380/content/heatmap-mockup-v7.html"}
{"type":"screen-updated","file":"/Users/kev/Library/Mobile Documents/com~apple~CloudDocs/Finance/sanctum securities/.superpowers/brainstorm/56354-1775526380/content/heatmap-mockup-v7.html"}
{"type":"screen-updated","file":"/Users/kev/Library/Mobile Documents/com~apple~CloudDocs/Finance/sanctum securities/.superpowers/brainstorm/56354-1775526380/content/heatmap-mockup-v7.html"}
{"type":"screen-added","file":"/Users/kev/Library/Mobile Documents/com~apple~CloudDocs/Finance/sanctum securities/.superpowers/brainstorm/56354-1775526380/content/heatmap-mockup-v8.html"}
{"type":"screen-updated","file":"/Users/kev/Library/Mobile Documents/com~apple~CloudDocs/Finance/sanctum securities/.superpowers/brainstorm/56354-1775526380/content/heatmap-mockup-v8.html"}
{"type":"screen-updated","file":"/Users/kev/Library/Mobile Documents/com~apple~CloudDocs/Finance/sanctum securities/.superpowers/brainstorm/56354-1775526380/content/heatmap-mockup-v8.html"}
{"type":"screen-updated","file":"/Users/kev/Library/Mobile Documents/com~apple~CloudDocs/Finance/sanctum securities/.superpowers/brainstorm/56354-1775526380/content/heatmap-mockup-v8.html"}
{"type":"screen-updated","file":"/Users/kev/Library/Mobile Documents/com~apple~CloudDocs/Finance/sanctum securities/.superpowers/brainstorm/56354-1775526380/content/heatmap-mockup-v8.html"}
{"type":"screen-added","file":"/Users/kev/Library/Mobile Documents/com~apple~CloudDocs/Finance/sanctum securities/.superpowers/brainstorm/56354-1775526380/content/heatmap-mockup-v9.html"}
{"type":"screen-updated","file":"/Users/kev/Library/Mobile Documents/com~apple~CloudDocs/Finance/sanctum securities/.superpowers/brainstorm/56354-1775526380/content/heatmap-mockup-v9.html"}
{"type":"screen-updated","file":"/Users/kev/Library/Mobile Documents/com~apple~CloudDocs/Finance/sanctum securities/.superpowers/brainstorm/56354-1775526380/content/heatmap-mockup-v9.html"}
{"type":"screen-updated","file":"/Users/kev/Library/Mobile Documents/com~apple~CloudDocs/Finance/sanctum securities/.superpowers/brainstorm/56354-1775526380/content/heatmap-mockup-v9.html"}
