{"type":"server-started","port":62668,"host":"127.0.0.1","url_host":"localhost","url":"http://localhost:62668","screen_dir":"/Users/kev/Library/Mobile Documents/com~apple~CloudDocs/Finance/sanctum securities/.superpowers/brainstorm/73660-1775001090/content","state_dir":"/Users/kev/Library/Mobile Documents/com~apple~CloudDocs/Finance/sanctum securities/.superpowers/brainstorm/73660-1775001090/state"}
{"type":"screen-added","file":"/Users/kev/Library/Mobile Documents/com~apple~CloudDocs/Finance/sanctum securities/.superpowers/brainstorm/73660-1775001090/content/animation-timeline.html"}
{"type":"screen-updated","file":"/Users/kev/Library/Mobile Documents/com~apple~CloudDocs/Finance/sanctum securities/.superpowers/brainstorm/73660-1775001090/content/animation-timeline.html"}
{"type":"screen-updated","file":"/Users/kev/Library/Mobile Documents/com~apple~CloudDocs/Finance/sanctum securities/.superpowers/brainstorm/73660-1775001090/content/animation-timeline.html"}
{"type":"screen-updated","file":"/Users/kev/Library/Mobile Documents/com~apple~CloudDocs/Finance/sanctum securities/.superpowers/brainstorm/73660-1775001090/content/animation-timeline.html"}
{"type":"screen-added","file":"/Users/kev/Library/Mobile Documents/com~apple~CloudDocs/Finance/sanctum securities/.superpowers/brainstorm/73660-1775001090/content/animation-final-preview.html"}
{"type":"screen-updated","file":"/Users/kev/Library/Mobile Documents/com~apple~CloudDocs/Finance/sanctum securities/.superpowers/brainstorm/73660-1775001090/content/animation-final-preview.html"}
{"type":"screen-updated","file":"/Users/kev/Library/Mobile Documents/com~apple~CloudDocs/Finance/sanctum securities/.superpowers/brainstorm/73660-1775001090/content/animation-final-preview.html"}
{"type":"screen-updated","file":"/Users/kev/Library/Mobile Documents/com~apple~CloudDocs/Finance/sanctum securities/.superpowers/brainstorm/73660-1775001090/content/animation-final-preview.html"}
{"type":"screen-added","file":"/Users/kev/Library/Mobile Documents/com~apple~CloudDocs/Finance/sanctum securities/.superpowers/brainstorm/73660-1775001090/content/animation-final-preview-v2.html"}
{"type":"screen-updated","file":"/Users/kev/Library/Mobile Documents/com~apple~CloudDocs/Finance/sanctum securities/.superpowers/brainstorm/73660-1775001090/content/animation-final-preview-v2.html"}
{"type":"screen-updated","file":"/Users/kev/Library/Mobile Documents/com~apple~CloudDocs/Finance/sanctum securities/.superpowers/brainstorm/73660-1775001090/content/animation-final-preview-v2.html"}
{"type":"screen-updated","file":"/Users/kev/Library/Mobile Documents/com~apple~CloudDocs/Finance/sanctum securities/.superpowers/brainstorm/73660-1775001090/content/animation-final-preview-v2.html"}
{"type":"screen-added","file":"/Users/kev/Library/Mobile Documents/com~apple~CloudDocs/Finance/sanctum securities/.superpowers/brainstorm/73660-1775001090/content/animation-final-preview-v3.html"}
{"type":"screen-updated","file":"/Users/kev/Library/Mobile Documents/com~apple~CloudDocs/Finance/sanctum securities/.superpowers/brainstorm/73660-1775001090/content/animation-final-preview-v3.html"}
{"type":"screen-updated","file":"/Users/kev/Library/Mobile Documents/com~apple~CloudDocs/Finance/sanctum securities/.superpowers/brainstorm/73660-1775001090/content/animation-final-preview-v3.html"}
{"type":"screen-updated","file":"/Users/kev/Library/Mobile Documents/com~apple~CloudDocs/Finance/sanctum securities/.superpowers/brainstorm/73660-1775001090/content/animation-final-preview-v3.html"}
{"type":"screen-added","file":"/Users/kev/Library/Mobile Documents/com~apple~CloudDocs/Finance/sanctum securities/.superpowers/brainstorm/73660-1775001090/content/animation-final-preview-v4.html"}
{"type":"screen-updated","file":"/Users/kev/Library/Mobile Documents/com~apple~CloudDocs/Finance/sanctum securities/.superpowers/brainstorm/73660-1775001090/content/animation-final-preview-v4.html"}
{"type":"screen-updated","file":"/Users/kev/Library/Mobile Documents/com~apple~CloudDocs/Finance/sanctum securities/.superpowers/brainstorm/73660-1775001090/content/animation-final-preview-v4.html"}
{"type":"screen-updated","file":"/Users/kev/Library/Mobile Documents/com~apple~CloudDocs/Finance/sanctum securities/.superpowers/brainstorm/73660-1775001090/content/animation-final-preview-v4.html"}
{"type":"screen-added","file":"/Users/kev/Library/Mobile Documents/com~apple~CloudDocs/Finance/sanctum securities/.superpowers/brainstorm/73660-1775001090/content/waiting.html"}
{"type":"screen-updated","file":"/Users/kev/Library/Mobile Documents/com~apple~CloudDocs/Finance/sanctum securities/.superpowers/brainstorm/73660-1775001090/content/waiting.html"}
{"type":"screen-updated","file":"/Users/kev/Library/Mobile Documents/com~apple~CloudDocs/Finance/sanctum securities/.superpowers/brainstorm/73660-1775001090/content/waiting.html"}
{"type":"screen-updated","file":"/Users/kev/Library/Mobile Documents/com~apple~CloudDocs/Finance/sanctum securities/.superpowers/brainstorm/73660-1775001090/content/waiting.html"}
{"type":"server-stopped","reason":"idle timeout"}
